[debug] [2026-03-18T19:51:10.652Z] ----------------------------------------------------------------------
[debug] [2026-03-18T19:51:10.654Z] Command:       /Users/arieh/.nvm/versions/node/v20.20.0/bin/node /Users/arieh/.nvm/versions/node/v20.20.0/bin/firebase deploy --only hosting
[debug] [2026-03-18T19:51:10.654Z] CLI Version:   15.9.1
[debug] [2026-03-18T19:51:10.654Z] Platform:      darwin
[debug] [2026-03-18T19:51:10.654Z] Node Version:  v20.20.0
[debug] [2026-03-18T19:51:10.654Z] Time:          Wed Mar 18 2026 21:51:10 GMT+0200 (שעון ישראל (חורף))
[debug] [2026-03-18T19:51:10.654Z] ----------------------------------------------------------------------
[debug] 
[debug] [2026-03-18T19:51:11.750Z] > command requires scopes: ["email","openid","https://www.googleapis.com/auth/cloudplatformprojects.readonly","https://www.googleapis.com/auth/firebase","https://www.googleapis.com/auth/cloud-platform"]
[debug] [2026-03-18T19:51:11.751Z] > authorizing via signed-in user (ariehcore@gmail.com)
[debug] [2026-03-18T19:51:11.751Z] [iam] checking project tarhiv for permissions ["firebase.projects.get","firebasehosting.sites.update"]
[debug] [2026-03-18T19:51:11.752Z] Checked if tokens are valid: false, expires at: 1773864030934
[debug] [2026-03-18T19:51:11.752Z] Checked if tokens are valid: false, expires at: 1773864030934
[debug] [2026-03-18T19:51:11.752Z] > refreshing access token with scopes: []
[debug] [2026-03-18T19:51:11.753Z] >>> [apiv2][query] POST https://www.googleapis.com/oauth2/v3/token [none]
[debug] [2026-03-18T19:51:11.753Z] >>> [apiv2][body] POST https://www.googleapis.com/oauth2/v3/token [omitted]
[debug] [2026-03-18T19:51:12.174Z] <<< [apiv2][status] POST https://www.googleapis.com/oauth2/v3/token 200
[debug] [2026-03-18T19:51:12.174Z] <<< [apiv2][body] POST https://www.googleapis.com/oauth2/v3/token [omitted]
[debug] [2026-03-18T19:51:12.194Z] >>> [apiv2][query] POST https://cloudresourcemanager.googleapis.com/v1/projects/tarhiv:testIamPermissions [none]
[debug] [2026-03-18T19:51:12.195Z] >>> [apiv2][(partial)header] POST https://cloudresourcemanager.googleapis.com/v1/projects/tarhiv:testIamPermissions  x-goog-user-project=tarhiv
[debug] [2026-03-18T19:51:12.195Z] >>> [apiv2][body] POST https://cloudresourcemanager.googleapis.com/v1/projects/tarhiv:testIamPermissions {"permissions":["firebase.projects.get","firebasehosting.sites.update"]}
[debug] [2026-03-18T19:51:13.337Z] <<< [apiv2][status] POST https://cloudresourcemanager.googleapis.com/v1/projects/tarhiv:testIamPermissions 200
[debug] [2026-03-18T19:51:13.337Z] <<< [apiv2][body] POST https://cloudresourcemanager.googleapis.com/v1/projects/tarhiv:testIamPermissions {"permissions":["firebase.projects.get","firebasehosting.sites.update"]}
[debug] [2026-03-18T19:51:13.338Z] Checked if tokens are valid: true, expires at: 1773867071175
[debug] [2026-03-18T19:51:13.338Z] Checked if tokens are valid: true, expires at: 1773867071175
[debug] [2026-03-18T19:51:13.338Z] >>> [apiv2][query] GET https://firebase.googleapis.com/v1beta1/projects/tarhiv [none]
[debug] [2026-03-18T19:51:14.068Z] <<< [apiv2][status] GET https://firebase.googleapis.com/v1beta1/projects/tarhiv 200
[debug] [2026-03-18T19:51:14.068Z] <<< [apiv2][body] GET https://firebase.googleapis.com/v1beta1/projects/tarhiv {"projectId":"tarhiv","projectNumber":"26804065755","displayName":"Tarchiv","name":"projects/tarhiv","resources":{"hostingSite":"tarhiv"},"state":"ACTIVE","etag":"1_1b48207b-a403-4271-aded-da1a7a374415"}
[debug] [2026-03-18T19:51:17.243Z] defaultcredentials: writing to file /Users/arieh/.config/firebase/ariehcore_gmail_com_application_default_credentials.json
[debug] [2026-03-18T19:51:17.244Z] Checked if tokens are valid: true, expires at: 1773867071175
[debug] [2026-03-18T19:51:17.245Z] Checked if tokens are valid: true, expires at: 1773867071175
[debug] [2026-03-18T19:51:17.245Z] >>> [apiv2][query] GET https://firebasehosting.googleapis.com/v1beta1/projects/tarhiv/sites pageToken=&pageSize=10
[debug] [2026-03-18T19:51:18.927Z] <<< [apiv2][status] GET https://firebasehosting.googleapis.com/v1beta1/projects/tarhiv/sites 200
[debug] [2026-03-18T19:51:18.927Z] <<< [apiv2][body] GET https://firebasehosting.googleapis.com/v1beta1/projects/tarhiv/sites {"sites":[{"name":"projects/tarhiv/sites/tarhiv","defaultUrl":"https://tarhiv.web.app","type":"DEFAULT_SITE"}]}
[debug] [2026-03-18T19:51:18.928Z] Checked if tokens are valid: true, expires at: 1773867071175
[debug] [2026-03-18T19:51:18.928Z] Checked if tokens are valid: true, expires at: 1773867071175
[debug] [2026-03-18T19:51:18.928Z] >>> [apiv2][query] GET https://firebasehosting.googleapis.com/v1beta1/projects/tarhiv/sites 
[debug] [2026-03-18T19:51:20.068Z] <<< [apiv2][status] GET https://firebasehosting.googleapis.com/v1beta1/projects/tarhiv/sites 200
[debug] [2026-03-18T19:51:20.069Z] <<< [apiv2][body] GET https://firebasehosting.googleapis.com/v1beta1/projects/tarhiv/sites {"sites":[{"name":"projects/tarhiv/sites/tarhiv","defaultUrl":"https://tarhiv.web.app","type":"DEFAULT_SITE"}]}
[debug] [2026-03-18T19:51:20.069Z] Checked if tokens are valid: true, expires at: 1773867071175
[debug] [2026-03-18T19:51:20.069Z] Checked if tokens are valid: true, expires at: 1773867071175
[debug] [2026-03-18T19:51:20.070Z] >>> [apiv2][query] GET https://firebase.googleapis.com/v1beta1/projects/tarhiv/webApps/-/config [none]
[debug] [2026-03-18T19:51:20.838Z] <<< [apiv2][status] GET https://firebase.googleapis.com/v1beta1/projects/tarhiv/webApps/-/config 200
[debug] [2026-03-18T19:51:20.839Z] <<< [apiv2][body] GET https://firebase.googleapis.com/v1beta1/projects/tarhiv/webApps/-/config {"projectId":"tarhiv","storageBucket":"tarhiv.firebasestorage.app","apiKey":"AIzaSyBQPVp5giiWRdWz2LabxV34dtkwdnpFcV4","authDomain":"tarhiv.firebaseapp.com","messagingSenderId":"26804065755","projectNumber":"26804065755","version":"2"}
[info] 
   Thank you for trying our early preview of Next.js support on Firebase Hosting.
   During the preview, support is best-effort and breaking changes can be expected. Proceed with caution.
   The integration is known to work with Next.js version 12 - 15.0. You may encounter errors.

   Documentation: https://firebase.google.com/docs/hosting/frameworks/nextjs
   File a bug: https://github.com/firebase/firebase-tools/issues/new?template=bug_report.md
   Submit a feature request: https://github.com/firebase/firebase-tools/issues/new?template=feature_request.md

   We'd love to learn from you. Express your interest in helping us shape the future of Firebase Hosting: https://goo.gle/41enW5X

[debug] [2026-03-18T19:51:28.004Z] Checked if tokens are valid: true, expires at: 1773867071175
[debug] [2026-03-18T19:51:28.004Z] Checked if tokens are valid: true, expires at: 1773867071175
[debug] [2026-03-18T19:51:28.004Z] >>> [apiv2][query] GET https://firebasehosting.googleapis.com/v1beta1/projects/tarhiv/sites/tarhiv [none]
[debug] [2026-03-18T19:51:29.288Z] <<< [apiv2][status] GET https://firebasehosting.googleapis.com/v1beta1/projects/tarhiv/sites/tarhiv 200
[debug] [2026-03-18T19:51:29.289Z] <<< [apiv2][body] GET https://firebasehosting.googleapis.com/v1beta1/projects/tarhiv/sites/tarhiv {"name":"projects/tarhiv/sites/tarhiv","defaultUrl":"https://tarhiv.web.app","type":"DEFAULT_SITE"}
[info] ▲ Next.js 16.1.6 (Turbopack)

[info] - Environments: .env.local


[info] ⚠ The "middleware" file convention is deprecated. Please use "proxy" instead. Learn more: https://nextjs.org/docs/messages/middleware-to-proxy

[info]   Creating an optimized production build ...

[info] ✓ Compiled successfully in 6.9s

[info]   Running TypeScript ...

[info]   Collecting page data using 7 workers ...

[info]   Generating static pages using 7 workers (0/4) ...

[info]   Generating static pages using 7 workers (1/4) 

[info]   Generating static pages using 7 workers (2/4) 

[info]   Generating static pages using 7 workers (3/4) 

[info] ✓ Generating static pages using 7 workers (4/4) in 110.5ms

[info]   Finalizing page optimization ...

[info] 

[info] Route (app)
┌ ○ /_not-found
├ ƒ /[locale]
├ ƒ /[locale]/about
├ ƒ /[locale]/posts
├ ƒ /[locale]/posts/[slug]
├ ƒ /api/comments
└ ○ /icon.svg


ƒ Proxy (Middleware)

[info] 

[info] ○  (Static)   prerendered as static content
ƒ  (Dynamic)  server-rendered on demand


[info] Building a Cloud Function to run this application. This is needed due to:
[info]  • middleware
[info]  • Image Optimization
[info]  • non-static component /[locale]/about/page
[info]  • non-static component /[locale]/page
[info]  • non-static component /[locale]/posts/[slug]/page
[debug] [2026-03-18T19:51:44.280Z]  • non-static component /[locale]/posts/page
[debug] [2026-03-18T19:51:44.280Z]  • non-static component /api/comments/route
[info]  • and 2 other reasons, use --debug to see more
[info] 
[debug] [2026-03-18T20:03:24.746Z] Checked if tokens are valid: true, expires at: 1773867071175
[debug] [2026-03-18T20:03:24.747Z] Checked if tokens are valid: true, expires at: 1773867071175
[debug] [2026-03-18T20:03:24.747Z] >>> [apiv2][query] GET https://firebasehosting.googleapis.com/v1beta1/projects/tarhiv/sites/tarhiv [none]
[debug] [2026-03-18T20:03:26.065Z] <<< [apiv2][status] GET https://firebasehosting.googleapis.com/v1beta1/projects/tarhiv/sites/tarhiv 200
[debug] [2026-03-18T20:03:26.065Z] <<< [apiv2][body] GET https://firebasehosting.googleapis.com/v1beta1/projects/tarhiv/sites/tarhiv {"name":"projects/tarhiv/sites/tarhiv","defaultUrl":"https://tarhiv.web.app","type":"DEFAULT_SITE"}
[debug] [2026-03-18T20:03:28.525Z] [web frameworks] effective firebase.json:  {
  "hosting": [
    {
      "source": ".",
      "ignore": [
        "firebase.json",
        "**/.*",
        "**/node_modules/**"
      ],
      "frameworksBackend": {
        "region": "europe-west1"
      },
      "site": "tarhiv",
      "rewrites": [
        {
          "source": "**",
          "function": {
            "functionId": "ssrtarhiv",
            "region": "europe-west1",
            "pinTag": true
          }
        }
      ],
      "redirects": [],
      "headers": [
        {
          "source": "/_global-error",
          "headers": [
            {
              "key": "x-nextjs-stale-time",
              "value": "300"
            },
            {
              "key": "x-nextjs-prerender",
              "value": "1"
            },
            {
              "key": "x-next-cache-tags",
              "value": "_N_T_/layout,_N_T_/_global-error/layout,_N_T_/_global-error/page,_N_T_/_global-error"
            }
          ]
        },
        {
          "source": "/_not-found",
          "headers": [
            {
              "key": "x-nextjs-stale-time",
              "value": "300"
            },
            {
              "key": "x-nextjs-prerender",
              "value": "1"
            },
            {
              "key": "x-next-cache-tags",
              "value": "_N_T_/layout,_N_T_/_not-found/layout,_N_T_/_not-found/page,_N_T_/_not-found"
            }
          ]
        },
        {
          "source": "/icon.svg",
          "headers": [
            {
              "key": "cache-control",
              "value": "public, max-age=0, must-revalidate"
            },
            {
              "key": "content-type",
              "value": "image/svg+xml"
            },
            {
              "key": "x-next-cache-tags",
              "value": "_N_T_/layout,_N_T_/icon.svg/layout,_N_T_/icon.svg/route,_N_T_/icon.svg"
            }
          ]
        },
        {
          "source": "**/*.[jt]s",
          "headers": [
            {
              "key": "Set-Cookie",
              "value": "__FIREBASE_DEFAULTS__=eyJjb25maWciOnsicHJvamVjdElkIjoidGFyaGl2Iiwic3RvcmFnZUJ1Y2tldCI6InRhcmhpdi5maXJlYmFzZXN0b3JhZ2UuYXBwIiwiYXBpS2V5IjoiQUl6YVN5QlFQVnA1Z2lpV1JkV3oyTGFieFYzNGR0a3dkbnBGY1Y0IiwiYXV0aERvbWFpbiI6InRhcmhpdi5maXJlYmFzZWFwcC5jb20iLCJtZXNzYWdpbmdTZW5kZXJJZCI6IjI2ODA0MDY1NzU1IiwicHJvamVjdE51bWJlciI6IjI2ODA0MDY1NzU1IiwidmVyc2lvbiI6IjIifSwiX2F1dGhUb2tlblN5bmNVUkwiOiIvX19zZXNzaW9uIn0; SameSite=Strict; Expires=2028-02-11T06:43:28.525Z; Path=/;"
            }
          ]
        }
      ],
      "cleanUrls": true,
      "trailingSlash": false,
      "public": ".firebase/tarhiv/hosting",
      "webFramework": "next_ssr"
    }
  ],
  "functions": [
    {
      "source": ".firebase/tarhiv/functions",
      "codebase": "firebase-frameworks-tarhiv"
    }
  ]
}
[debug] [2026-03-18T20:03:28.526Z] > command requires scopes: ["email","openid","https://www.googleapis.com/auth/cloudplatformprojects.readonly","https://www.googleapis.com/auth/firebase","https://www.googleapis.com/auth/cloud-platform"]
[debug] [2026-03-18T20:03:28.526Z] > authorizing via signed-in user (ariehcore@gmail.com)
[debug] [2026-03-18T20:03:28.526Z] [iam] checking project tarhiv for permissions ["cloudfunctions.functions.create","cloudfunctions.functions.delete","cloudfunctions.functions.get","cloudfunctions.functions.list","cloudfunctions.functions.update","cloudfunctions.operations.get","firebase.projects.get"]
[debug] [2026-03-18T20:03:28.526Z] Checked if tokens are valid: true, expires at: 1773867071175
[debug] [2026-03-18T20:03:28.526Z] Checked if tokens are valid: true, expires at: 1773867071175
[debug] [2026-03-18T20:03:28.526Z] >>> [apiv2][query] POST https://cloudresourcemanager.googleapis.com/v1/projects/tarhiv:testIamPermissions [none]
[debug] [2026-03-18T20:03:28.526Z] >>> [apiv2][(partial)header] POST https://cloudresourcemanager.googleapis.com/v1/projects/tarhiv:testIamPermissions  x-goog-user-project=tarhiv
[debug] [2026-03-18T20:03:28.526Z] >>> [apiv2][body] POST https://cloudresourcemanager.googleapis.com/v1/projects/tarhiv:testIamPermissions {"permissions":["cloudfunctions.functions.create","cloudfunctions.functions.delete","cloudfunctions.functions.get","cloudfunctions.functions.list","cloudfunctions.functions.update","cloudfunctions.operations.get","firebase.projects.get"]}
[debug] [2026-03-18T20:03:29.748Z] <<< [apiv2][status] POST https://cloudresourcemanager.googleapis.com/v1/projects/tarhiv:testIamPermissions 200
[debug] [2026-03-18T20:03:29.748Z] <<< [apiv2][body] POST https://cloudresourcemanager.googleapis.com/v1/projects/tarhiv:testIamPermissions {"permissions":["cloudfunctions.functions.create","cloudfunctions.functions.delete","cloudfunctions.functions.get","cloudfunctions.functions.list","cloudfunctions.functions.update","cloudfunctions.operations.get","firebase.projects.get"]}
[debug] [2026-03-18T20:03:29.750Z] Checked if tokens are valid: true, expires at: 1773867071175
[debug] [2026-03-18T20:03:29.750Z] Checked if tokens are valid: true, expires at: 1773867071175
[debug] [2026-03-18T20:03:29.751Z] >>> [apiv2][query] GET https://cloudfunctions.googleapis.com/v1/projects/tarhiv/locations/-/functions [none]
[debug] [2026-03-18T20:03:30.669Z] <<< [apiv2][status] GET https://cloudfunctions.googleapis.com/v1/projects/tarhiv/locations/-/functions 200
[debug] [2026-03-18T20:03:30.669Z] <<< [apiv2][body] GET https://cloudfunctions.googleapis.com/v1/projects/tarhiv/locations/-/functions {}
[debug] [2026-03-18T20:03:30.670Z] Checked if tokens are valid: true, expires at: 1773867071175
[debug] [2026-03-18T20:03:30.670Z] Checked if tokens are valid: true, expires at: 1773867071175
[debug] [2026-03-18T20:03:30.671Z] >>> [apiv2][query] GET https://cloudfunctions.googleapis.com/v2/projects/tarhiv/locations/-/functions filter=environment%3D%22GEN_2%22
[debug] [2026-03-18T20:03:31.722Z] <<< [apiv2][status] GET https://cloudfunctions.googleapis.com/v2/projects/tarhiv/locations/-/functions 200
[debug] [2026-03-18T20:03:31.722Z] <<< [apiv2][body] GET https://cloudfunctions.googleapis.com/v2/projects/tarhiv/locations/-/functions {"functions":[{"name":"projects/tarhiv/locations/europe-west1/functions/ssrtarhiv","buildConfig":{"build":"projects/26804065755/locations/europe-west1/builds/579eed88-c3ef-49d7-89cb-82d4b693f361","runtime":"nodejs20","entryPoint":"ssrtarhiv","source":{"storageSource":{"bucket":"gcf-v2-sources-26804065755-europe-west1","object":"ssrtarhiv/function-source.zip","generation":"1773860436835326"}},"environmentVariables":{"GOOGLE_NODE_RUN_SCRIPTS":""},"dockerRepository":"projects/tarhiv/locations/europe-west1/repositories/gcf-artifacts","sourceProvenance":{"resolvedStorageSource":{"bucket":"gcf-v2-sources-26804065755-europe-west1","object":"ssrtarhiv/function-source.zip","generation":"1773860436835326"}},"dockerRegistry":"ARTIFACT_REGISTRY","serviceAccount":"projects/tarhiv/serviceAccounts/26804065755-compute@developer.gserviceaccount.com","automaticUpdatePolicy":{}},"serviceConfig":{"service":"projects/tarhiv/locations/europe-west1/services/ssrtarhiv","timeoutSeconds":60,"environmentVariables":{"VERCEL_URL":"tarhiv.web.app","__FIREBASE_FRAMEWORKS_ENTRY__":"next.js","__FIREBASE_DEFAULTS__":"{\"config\":{\"projectId\":\"tarhiv\",\"storageBucket\":\"tarhiv.firebasestorage.app\",\"apiKey\":\"AIzaSyBQPVp5giiWRdWz2LabxV34dtkwdnpFcV4\",\"authDomain\":\"tarhiv.firebaseapp.com\",\"messagingSenderId\":\"26804065755\",\"projectNumber\":\"26804065755\",\"version\":\"2\"},\"_authTokenSyncURL\":\"/__session\"}","FIREBASE_CONFIG":"{\"projectId\":\"tarhiv\",\"storageBucket\":\"tarhiv.firebasestorage.app\"}","GCLOUD_PROJECT":"tarhiv","EVENTARC_CLOUD_EVENT_SOURCE":"projects/tarhiv/locations/europe-west1/services/ssrtarhiv","FUNCTION_TARGET":"ssrtarhiv","LOG_EXECUTION_ID":"true"},"maxInstanceCount":20,"ingressSettings":"ALLOW_ALL","uri":"https://ssrtarhiv-mj26bi4nra-ew.a.run.app","serviceAccountEmail":"26804065755-compute@developer.gserviceaccount.com","availableMemory":"256Mi","allTrafficOnLatestRevision":true,"revision":"ssrtarhiv-00027-kev","maxInstanceRequestConcurrency":80,"availableCpu":"1"},"state":"ACTIVE","updateTime":"2026-03-18T19:05:50.139285567Z","labels":{"deployment-tool":"cli-firebase","firebase-functions-codebase":"firebase-frameworks-tarhiv","firebase-functions-hash":"586dfb2d81226079a5a355fe7967c949bd78541f"},"environment":"GEN_2","url":"https://europe-west1-tarhiv.cloudfunctions.net/ssrtarhiv","createTime":"2026-03-14T20:22:56.454280811Z","satisfiesPzi":true}]}
[info] i  hosting: The following function(s) are pinned to site tarhiv and will be deployed as well: ssrtarhiv 
[info] 
[info] === Deploying to 'tarhiv'...
[info] 
[info] i  deploying functions, hosting 
[debug] [2026-03-18T20:03:31.729Z] Checked if tokens are valid: true, expires at: 1773867071175
[debug] [2026-03-18T20:03:31.729Z] Checked if tokens are valid: true, expires at: 1773867071175
[debug] [2026-03-18T20:03:31.729Z] >>> [apiv2][query] GET https://cloudresourcemanager.googleapis.com/v1/projects/tarhiv [none]
[debug] [2026-03-18T20:03:32.008Z] <<< [apiv2][status] GET https://cloudresourcemanager.googleapis.com/v1/projects/tarhiv 200
[debug] [2026-03-18T20:03:32.008Z] <<< [apiv2][body] GET https://cloudresourcemanager.googleapis.com/v1/projects/tarhiv {"projectNumber":"26804065755","projectId":"tarhiv","lifecycleState":"ACTIVE","name":"Tarchiv","labels":{"firebase":"enabled","firebase-core":"disabled"},"createTime":"2026-03-14T18:36:55.186974Z"}
[info] i  functions: preparing codebase firebase-frameworks-tarhiv for deployment 
[info] i  functions: ensuring required API cloudfunctions.googleapis.com is enabled... 
[info] i  functions: ensuring required API cloudbuild.googleapis.com is enabled... 
[info] i  artifactregistry: ensuring required API artifactregistry.googleapis.com is enabled... 
[debug] [2026-03-18T20:03:32.011Z] Checked if tokens are valid: true, expires at: 1773867071175
[debug] [2026-03-18T20:03:32.011Z] Checked if tokens are valid: true, expires at: 1773867071175
[debug] [2026-03-18T20:03:32.012Z] >>> [apiv2][query] GET https://firebase.googleapis.com/v1beta1/projects/tarhiv/adminSdkConfig [none]
[debug] [2026-03-18T20:03:32.612Z] <<< [apiv2][status] GET https://firebase.googleapis.com/v1beta1/projects/tarhiv/adminSdkConfig 200
[debug] [2026-03-18T20:03:32.613Z] <<< [apiv2][body] GET https://firebase.googleapis.com/v1beta1/projects/tarhiv/adminSdkConfig {"projectId":"tarhiv","storageBucket":"tarhiv.firebasestorage.app"}
[debug] [2026-03-18T20:03:32.614Z] Checked if tokens are valid: true, expires at: 1773867071175
[debug] [2026-03-18T20:03:32.614Z] Checked if tokens are valid: true, expires at: 1773867071175
[debug] [2026-03-18T20:03:32.614Z] >>> [apiv2][query] GET https://runtimeconfig.googleapis.com/v1beta1/projects/tarhiv/configs [none]
[debug] [2026-03-18T20:03:33.330Z] <<< [apiv2][status] GET https://runtimeconfig.googleapis.com/v1beta1/projects/tarhiv/configs 200
[debug] [2026-03-18T20:03:33.331Z] <<< [apiv2][body] GET https://runtimeconfig.googleapis.com/v1beta1/projects/tarhiv/configs {}
[debug] [2026-03-18T20:03:33.334Z] Validating nodejs source
[warn] ⚠  functions: Runtime Node.js 20 will be deprecated on 2026-04-30 and will be decommissioned on 2026-10-30, after which you will not be able to deploy without upgrading. Consider upgrading now to avoid disruption. See https://cloud.google.com/functions/docs/runtime-support for full details on the lifecycle policy 
[warn] ⚠  functions: package.json indicates an outdated version of firebase-functions. Please upgrade using npm install --save firebase-functions@latest in your functions directory. 
[warn] ⚠  functions: Please note that there will be breaking changes when you upgrade. 
[debug] [2026-03-18T20:03:33.948Z] > [functions] package.json contents: {
  "name": "tarhiv",
  "version": "0.1.0",
  "private": true,
  "dependencies": {
    "@mdx-js/loader": "^3.1.1",
    "@mdx-js/react": "^3.1.1",
    "@next/mdx": "^16.1.6",
    "@react-three/drei": "^10.7.7",
    "@react-three/fiber": "^9.5.0",
    "clsx": "^2.1.1",
    "d3-geo": "^3.1.1",
    "firebase": "^12.10.0",
    "firebase-admin": "^13.7.0",
    "lucide-react": "^0.577.0",
    "motion": "^12.36.0",
    "next": "16.1.6",
    "next-intl": "^4.8.3",
    "next-themes": "^0.4.6",
    "react": "19.2.3",
    "react-dom": "19.2.3",
    "react-simple-maps": "^3.0.0",
    "recharts": "^3.8.0",
    "rehype-autolink-headings": "^7.1.0",
    "rehype-slug": "^6.0.0",
    "remark-frontmatter": "^5.0.0",
    "remark-gfm": "^4.0.1",
    "tailwind-merge": "^3.5.0",
    "three": "^0.183.2",
    "topojson-client": "^3.1.0",
    "velite": "^0.3.1",
    "sharp": "^0.32 || ^0.33",
    "firebase-frameworks": "^0.11.0",
    "firebase-functions": "^6.0.1"
  },
  "main": "server.js",
  "engines": {
    "node": "20"
  }
}
[debug] [2026-03-18T20:03:33.948Z] Building nodejs source
[info] i  functions: Loading and analyzing source code for codebase firebase-frameworks-tarhiv to determine what to deploy 
[debug] [2026-03-18T20:03:33.949Z] Could not find functions.yaml. Must use http discovery
[debug] [2026-03-18T20:03:33.957Z] Found firebase-functions binary at '/Users/arieh/Dev/tarhiv/.firebase/tarhiv/functions/node_modules/.bin/firebase-functions'
[info] Serving at port 8108

[debug] [2026-03-18T20:03:34.217Z] Got response from /__/functions.yaml {"endpoints":{"ssrtarhiv":{"availableMemoryMb":null,"timeoutSeconds":null,"minInstances":null,"maxInstances":null,"ingressSettings":null,"concurrency":null,"serviceAccountEmail":null,"vpc":null,"platform":"gcfv2","region":["europe-west1"],"labels":{},"httpsTrigger":{},"entryPoint":"ssrtarhiv"}},"specVersion":"v1alpha1","requiredAPIs":[],"extensions":{}}
[info] i  extensions: ensuring required API firebaseextensions.googleapis.com is enabled... 
[debug] [2026-03-18T20:03:38.238Z] > command requires scopes: ["email","openid","https://www.googleapis.com/auth/cloudplatformprojects.readonly","https://www.googleapis.com/auth/firebase","https://www.googleapis.com/auth/cloud-platform"]
[debug] [2026-03-18T20:03:38.238Z] > authorizing via signed-in user (ariehcore@gmail.com)
[debug] [2026-03-18T20:03:38.238Z] [iam] checking project tarhiv for permissions ["firebase.projects.get","firebaseextensions.instances.list"]
[debug] [2026-03-18T20:03:38.239Z] Checked if tokens are valid: true, expires at: 1773867071175
[debug] [2026-03-18T20:03:38.239Z] Checked if tokens are valid: true, expires at: 1773867071175
[debug] [2026-03-18T20:03:38.239Z] >>> [apiv2][query] POST https://cloudresourcemanager.googleapis.com/v1/projects/tarhiv:testIamPermissions [none]
[debug] [2026-03-18T20:03:38.239Z] >>> [apiv2][(partial)header] POST https://cloudresourcemanager.googleapis.com/v1/projects/tarhiv:testIamPermissions  x-goog-user-project=tarhiv
[debug] [2026-03-18T20:03:38.239Z] >>> [apiv2][body] POST https://cloudresourcemanager.googleapis.com/v1/projects/tarhiv:testIamPermissions {"permissions":["firebase.projects.get","firebaseextensions.instances.list"]}
[debug] [2026-03-18T20:03:39.271Z] <<< [apiv2][status] POST https://cloudresourcemanager.googleapis.com/v1/projects/tarhiv:testIamPermissions 200
[debug] [2026-03-18T20:03:39.271Z] <<< [apiv2][body] POST https://cloudresourcemanager.googleapis.com/v1/projects/tarhiv:testIamPermissions {"permissions":["firebase.projects.get","firebaseextensions.instances.list"]}
[debug] [2026-03-18T20:03:39.272Z] Checked if tokens are valid: true, expires at: 1773867071175
[debug] [2026-03-18T20:03:39.272Z] Checked if tokens are valid: true, expires at: 1773867071175
[debug] [2026-03-18T20:03:39.272Z] >>> [apiv2][query] GET https://firebaseextensions.googleapis.com/v1beta/projects/tarhiv/instances pageSize=100&pageToken=
[debug] [2026-03-18T20:03:40.599Z] <<< [apiv2][status] GET https://firebaseextensions.googleapis.com/v1beta/projects/tarhiv/instances 200
[debug] [2026-03-18T20:03:40.600Z] <<< [apiv2][body] GET https://firebaseextensions.googleapis.com/v1beta/projects/tarhiv/instances {}
[info] i  functions: Loaded environment variables from .env. 
[info] i  functions: preparing .firebase/tarhiv/functions directory for uploading... 
[info] i  functions: packaged /Users/arieh/Dev/tarhiv/.firebase/tarhiv/functions (352.39 MB) for uploading 
[info] i  functions: ensuring required API run.googleapis.com is enabled... 
[info] i  functions: ensuring required API eventarc.googleapis.com is enabled... 
[info] i  functions: ensuring required API pubsub.googleapis.com is enabled... 
[info] i  functions: ensuring required API storage.googleapis.com is enabled... 
[info] i  functions: generating the service identity for pubsub.googleapis.com... 
[debug] [2026-03-18T20:03:55.207Z] Checked if tokens are valid: true, expires at: 1773867071175
[debug] [2026-03-18T20:03:55.207Z] Checked if tokens are valid: true, expires at: 1773867071175
[info] i  functions: generating the service identity for eventarc.googleapis.com... 
[debug] [2026-03-18T20:03:55.207Z] Checked if tokens are valid: true, expires at: 1773867071175
[debug] [2026-03-18T20:03:55.207Z] Checked if tokens are valid: true, expires at: 1773867071175
[debug] [2026-03-18T20:03:55.207Z] >>> [apiv2][query] POST https://serviceusage.googleapis.com/v1beta1/projects/26804065755/services/pubsub.googleapis.com:generateServiceIdentity [none]
[debug] [2026-03-18T20:03:55.207Z] >>> [apiv2][(partial)header] POST https://serviceusage.googleapis.com/v1beta1/projects/26804065755/services/pubsub.googleapis.com:generateServiceIdentity  x-goog-user-project=26804065755
[debug] [2026-03-18T20:03:55.207Z] >>> [apiv2][body] POST https://serviceusage.googleapis.com/v1beta1/projects/26804065755/services/pubsub.googleapis.com:generateServiceIdentity {}
[debug] [2026-03-18T20:03:55.208Z] >>> [apiv2][query] POST https://serviceusage.googleapis.com/v1beta1/projects/26804065755/services/eventarc.googleapis.com:generateServiceIdentity [none]
[debug] [2026-03-18T20:03:55.208Z] >>> [apiv2][(partial)header] POST https://serviceusage.googleapis.com/v1beta1/projects/26804065755/services/eventarc.googleapis.com:generateServiceIdentity  x-goog-user-project=26804065755
[debug] [2026-03-18T20:03:55.208Z] >>> [apiv2][body] POST https://serviceusage.googleapis.com/v1beta1/projects/26804065755/services/eventarc.googleapis.com:generateServiceIdentity {}
[debug] [2026-03-18T20:03:56.239Z] <<< [apiv2][status] POST https://serviceusage.googleapis.com/v1beta1/projects/26804065755/services/pubsub.googleapis.com:generateServiceIdentity 200
[debug] [2026-03-18T20:03:56.239Z] <<< [apiv2][body] POST https://serviceusage.googleapis.com/v1beta1/projects/26804065755/services/pubsub.googleapis.com:generateServiceIdentity {"name":"operations/finished.DONE_OPERATION","done":true,"response":{"@type":"type.googleapis.com/google.api.serviceusage.v1beta1.ServiceIdentity","email":"service-26804065755@gcp-sa-pubsub.iam.gserviceaccount.com","uniqueId":"100131174248499514888"}}
[debug] [2026-03-18T20:03:56.637Z] <<< [apiv2][status] POST https://serviceusage.googleapis.com/v1beta1/projects/26804065755/services/eventarc.googleapis.com:generateServiceIdentity 200
[debug] [2026-03-18T20:03:56.637Z] <<< [apiv2][body] POST https://serviceusage.googleapis.com/v1beta1/projects/26804065755/services/eventarc.googleapis.com:generateServiceIdentity {"name":"operations/finished.DONE_OPERATION","done":true,"response":{"@type":"type.googleapis.com/google.api.serviceusage.v1beta1.ServiceIdentity","email":"service-26804065755@gcp-sa-eventarc.iam.gserviceaccount.com","uniqueId":"118241786084231640901"}}
[debug] [2026-03-18T20:03:56.640Z] Checked if tokens are valid: true, expires at: 1773867071175
[debug] [2026-03-18T20:03:56.640Z] Checked if tokens are valid: true, expires at: 1773867071175
[debug] [2026-03-18T20:03:56.640Z] >>> [apiv2][query] GET https://cloudresourcemanager.googleapis.com/v1/projects/tarhiv [none]
[debug] [2026-03-18T20:03:57.713Z] <<< [apiv2][status] GET https://cloudresourcemanager.googleapis.com/v1/projects/tarhiv 200
[debug] [2026-03-18T20:03:57.714Z] <<< [apiv2][body] GET https://cloudresourcemanager.googleapis.com/v1/projects/tarhiv {"projectNumber":"26804065755","projectId":"tarhiv","lifecycleState":"ACTIVE","name":"Tarchiv","labels":{"firebase":"enabled","firebase-core":"disabled"},"createTime":"2026-03-14T18:36:55.186974Z"}
[debug] [2026-03-18T20:03:57.714Z] Checked if tokens are valid: true, expires at: 1773867071175
[debug] [2026-03-18T20:03:57.714Z] Checked if tokens are valid: true, expires at: 1773867071175
[debug] [2026-03-18T20:03:57.715Z] >>> [apiv2][query] GET https://compute.googleapis.com/compute/v1/projects/26804065755 [none]
[debug] [2026-03-18T20:03:58.271Z] <<< [apiv2][status] GET https://compute.googleapis.com/compute/v1/projects/26804065755 403
[debug] [2026-03-18T20:03:58.271Z] <<< [apiv2][body] GET https://compute.googleapis.com/compute/v1/projects/26804065755 {"error":{"code":403,"message":"Compute Engine API has not been used in project 26804065755 before or it is disabled. Enable it by visiting https://console.developers.google.com/apis/api/compute.googleapis.com/overview?project=26804065755 then retry. If you enabled this API recently, wait a few minutes for the action to propagate to our systems and retry.","errors":[{"message":"Compute Engine API has not been used in project 26804065755 before or it is disabled. Enable it by visiting https://console.developers.google.com/apis/api/compute.googleapis.com/overview?project=26804065755 then retry. If you enabled this API recently, wait a few minutes for the action to propagate to our systems and retry.","domain":"usageLimits","reason":"accessNotConfigured","extendedHelp":"https://console.developers.google.com"}],"status":"PERMISSION_DENIED","details":[{"@type":"type.googleapis.com/google.rpc.ErrorInfo","reason":"SERVICE_DISABLED","domain":"googleapis.com","metadata":{"serviceTitle":"Compute Engine API","activationUrl":"https://console.developers.google.com/apis/api/compute.googleapis.com/overview?project=26804065755","service":"compute.googleapis.com","consumer":"projects/26804065755","containerInfo":"26804065755"}},{"@type":"type.googleapis.com/google.rpc.LocalizedMessage","locale":"en-US","message":"Compute Engine API has not been used in project 26804065755 before or it is disabled. Enable it by visiting https://console.developers.google.com/apis/api/compute.googleapis.com/overview?project=26804065755 then retry. If you enabled this API recently, wait a few minutes for the action to propagate to our systems and retry."},{"@type":"type.googleapis.com/google.rpc.Help","links":[{"description":"Google developers console API activation","url":"https://console.developers.google.com/apis/api/compute.googleapis.com/overview?project=26804065755"}]}]}}
[debug] [2026-03-18T20:03:58.274Z] unable to look up default compute service account. Falling back to 26804065755-compute@developer.gserviceaccount.com. Error: {"name":"FirebaseError","children":[],"context":{"body":{"error":{"code":403,"message":"Compute Engine API has not been used in project 26804065755 before or it is disabled. Enable it by visiting https://console.developers.google.com/apis/api/compute.googleapis.com/overview?project=26804065755 then retry. If you enabled this API recently, wait a few minutes for the action to propagate to our systems and retry.","errors":[{"message":"Compute Engine API has not been used in project 26804065755 before or it is disabled. Enable it by visiting https://console.developers.google.com/apis/api/compute.googleapis.com/overview?project=26804065755 then retry. If you enabled this API recently, wait a few minutes for the action to propagate to our systems and retry.","domain":"usageLimits","reason":"accessNotConfigured","extendedHelp":"https://console.developers.google.com"}],"status":"PERMISSION_DENIED","details":[{"@type":"type.googleapis.com/google.rpc.ErrorInfo","reason":"SERVICE_DISABLED","domain":"googleapis.com","metadata":{"serviceTitle":"Compute Engine API","activationUrl":"https://console.developers.google.com/apis/api/compute.googleapis.com/overview?project=26804065755","service":"compute.googleapis.com","consumer":"projects/26804065755","containerInfo":"26804065755"}},{"@type":"type.googleapis.com/google.rpc.LocalizedMessage","locale":"en-US","message":"Compute Engine API has not been used in project 26804065755 before or it is disabled. Enable it by visiting https://console.developers.google.com/apis/api/compute.googleapis.com/overview?project=26804065755 then retry. If you enabled this API recently, wait a few minutes for the action to propagate to our systems and retry."},{"@type":"type.googleapis.com/google.rpc.Help","links":[{"description":"Google developers console API activation","url":"https://console.developers.google.com/apis/api/compute.googleapis.com/overview?project=26804065755"}]}]}},"response":{"statusCode":403}},"exit":1,"message":"Request to https://compute.googleapis.com/compute/v1/projects/26804065755 had HTTP Error: 403, Compute Engine API has not been used in project 26804065755 before or it is disabled. Enable it by visiting https://console.developers.google.com/apis/api/compute.googleapis.com/overview?project=26804065755 then retry. If you enabled this API recently, wait a few minutes for the action to propagate to our systems and retry.","status":403}
[debug] [2026-03-18T20:03:58.280Z] Checked if tokens are valid: true, expires at: 1773867071175
[debug] [2026-03-18T20:03:58.280Z] Checked if tokens are valid: true, expires at: 1773867071175
[debug] [2026-03-18T20:03:58.280Z] >>> [apiv2][query] POST https://firebasehosting.googleapis.com/v1beta1/projects/-/sites/tarhiv/versions [none]
[debug] [2026-03-18T20:03:58.280Z] >>> [apiv2][body] POST https://firebasehosting.googleapis.com/v1beta1/projects/-/sites/tarhiv/versions {"status":"CREATED","labels":{"deployment-tool":"cli-firebase","firebase-web-framework":"next_ssr"}}
[debug] [2026-03-18T20:04:00.448Z] <<< [apiv2][status] POST https://firebasehosting.googleapis.com/v1beta1/projects/-/sites/tarhiv/versions 200
[debug] [2026-03-18T20:04:00.448Z] <<< [apiv2][body] POST https://firebasehosting.googleapis.com/v1beta1/projects/-/sites/tarhiv/versions {"name":"projects/26804065755/sites/tarhiv/versions/3bd247cceb87e003","status":"CREATED","config":{},"labels":{"deployment-tool":"cli-firebase","firebase-web-framework":"next_ssr"}}
[debug] [2026-03-18T20:04:00.449Z] Checked if tokens are valid: true, expires at: 1773867071175
[debug] [2026-03-18T20:04:00.449Z] Checked if tokens are valid: true, expires at: 1773867071175
[debug] [2026-03-18T20:04:00.450Z] >>> [apiv2][query] GET https://cloudbilling.googleapis.com/v1/projects/tarhiv/billingInfo [none]
[debug] [2026-03-18T20:04:01.057Z] <<< [apiv2][status] GET https://cloudbilling.googleapis.com/v1/projects/tarhiv/billingInfo 200
[debug] [2026-03-18T20:04:01.057Z] <<< [apiv2][body] GET https://cloudbilling.googleapis.com/v1/projects/tarhiv/billingInfo {"name":"projects/tarhiv/billingInfo","projectId":"tarhiv","billingAccountName":"billingAccounts/01838F-B40950-C3CB49","billingEnabled":true}
[debug] [2026-03-18T20:04:01.060Z] Checked if tokens are valid: true, expires at: 1773867071175
[debug] [2026-03-18T20:04:01.060Z] Checked if tokens are valid: true, expires at: 1773867071175
[debug] [2026-03-18T20:04:01.060Z] >>> [apiv2][query] POST https://cloudfunctions.googleapis.com/v2/projects/tarhiv/locations/europe-west1/functions:generateUploadUrl [none]
[debug] [2026-03-18T20:04:01.429Z] <<< [apiv2][status] POST https://cloudfunctions.googleapis.com/v2/projects/tarhiv/locations/europe-west1/functions:generateUploadUrl 200
[debug] [2026-03-18T20:04:01.429Z] <<< [apiv2][body] POST https://cloudfunctions.googleapis.com/v2/projects/tarhiv/locations/europe-west1/functions:generateUploadUrl {"uploadUrl":"https://storage.googleapis.com/gcf-v2-uploads-26804065755.europe-west1.cloudfunctions.appspot.com/4469071e-0ead-45f1-b564-bc3f1fc01ba7.zip?GoogleAccessId=service-26804065755@gcf-admin-robot.iam.gserviceaccount.com&Expires=1773866041&Signature=vWDlS2XR26VnIvwf6pzrw9qPTY4Vw5eJ1fmCvl%2FUGt4kn4Bd1WuUWLg55t51dHi9wa%2FMGZvuJFGB5RuscEIQRRShg%2FL%2BxkxHiA6iwiOSz7fluv8AU1i5bUgXc7z1F10YqXCElKyqjO4JHyeQGyR%2FIQ1XST9STgHu%2Fr7e7ktLnAYs1OLXACtbJ3i1dqhwPV7jmunNngKUMGROTfVgLy667usYm4K4KiEfHrupNATsTQ7dhtbi8ZUSNXsdl3RDT1zysS9YkW10Cif%2FfvzzytUaTgLQ%2BuMQlqm1jBs8xN%2BkEPr2wuO3rV%2FTvlsVmTraEeHWhdBEcqHKFpu1UNV4R7JB%2Bg%3D%3D","storageSource":{"bucket":"gcf-v2-uploads-26804065755.europe-west1.cloudfunctions.appspot.com","object":"4469071e-0ead-45f1-b564-bc3f1fc01ba7.zip"}}
[debug] [2026-03-18T20:04:01.432Z] >>> [apiv2][query] PUT https://storage.googleapis.com/gcf-v2-uploads-26804065755.europe-west1.cloudfunctions.appspot.com/4469071e-0ead-45f1-b564-bc3f1fc01ba7.zip GoogleAccessId=service-26804065755%40gcf-admin-robot.iam.gserviceaccount.com&Expires=1773866041&Signature=vWDlS2XR26VnIvwf6pzrw9qPTY4Vw5eJ1fmCvl%2FUGt4kn4Bd1WuUWLg55t51dHi9wa%2FMGZvuJFGB5RuscEIQRRShg%2FL%2BxkxHiA6iwiOSz7fluv8AU1i5bUgXc7z1F10YqXCElKyqjO4JHyeQGyR%2FIQ1XST9STgHu%2Fr7e7ktLnAYs1OLXACtbJ3i1dqhwPV7jmunNngKUMGROTfVgLy667usYm4K4KiEfHrupNATsTQ7dhtbi8ZUSNXsdl3RDT1zysS9YkW10Cif%2FfvzzytUaTgLQ%2BuMQlqm1jBs8xN%2BkEPr2wuO3rV%2FTvlsVmTraEeHWhdBEcqHKFpu1UNV4R7JB%2Bg%3D%3D
[debug] [2026-03-18T20:04:01.432Z] >>> [apiv2][body] PUT https://storage.googleapis.com/gcf-v2-uploads-26804065755.europe-west1.cloudfunctions.appspot.com/4469071e-0ead-45f1-b564-bc3f1fc01ba7.zip [stream]
